upload: logs/s3_sync_20260505_142500_delta.log to s3://sagemaker-deployment-models-yaxh/data/persona-safety/20260505_124107/logs/s3_sync_20260505_142500_delta.log
upload: logs/ext_b_v_harm_causal_20260505_033846.log to s3://sagemaker-deployment-models-yaxh/data/persona-safety/20260505_124107/logs/ext_b_v_harm_causal_20260505_033846.log
upload: logs/s3_sync_20260505_124107.log to s3://sagemaker-deployment-models-yaxh/data/persona-safety/20260505_124107/logs/s3_sync_20260505_124107.log
upload: results/phase_b/gemma_4_31b_thinking_on/extensions/v_harm_causal/.step2_v_harm_clean_pos0p1.work.json to s3://sagemaker-deployment-models-yaxh/data/persona-safety/20260505_124107/results/phase_b/gemma_4_31b_thinking_on/extensions/v_harm_causal/.step2_v_harm_clean_pos0p1.work.json
upload: results/phase_b/gemma_4_31b_thinking_on/extensions/v_harm_causal/.step2_v_harm_clean_pos0p1.work.args.json to s3://sagemaker-deployment-models-yaxh/data/persona-safety/20260505_124107/results/phase_b/gemma_4_31b_thinking_on/extensions/v_harm_causal/.step2_v_harm_clean_pos0p1.work.args.json
upload: results/phase_b/gemma_4_31b_thinking_on/extensions/v_harm_causal/.step2.done to s3://sagemaker-deployment-models-yaxh/data/persona-safety/20260505_124107/results/phase_b/gemma_4_31b_thinking_on/extensions/v_harm_causal/.step2.done
upload: results/phase_b/gemma_4_31b_thinking_on/extensions/v_harm_causal/.step3.work.json to s3://sagemaker-deployment-models-yaxh/data/persona-safety/20260505_124107/results/phase_b/gemma_4_31b_thinking_on/extensions/v_harm_causal/.step3.work.json
upload: results/phase_b/gemma_4_31b_thinking_on/extensions/v_harm_causal/.step1.done to s3://sagemaker-deployment-models-yaxh/data/persona-safety/20260505_124107/results/phase_b/gemma_4_31b_thinking_on/extensions/v_harm_causal/.step1.done
upload: results/phase_b/gemma_4_31b_thinking_on/extensions/v_harm_causal/.step4.done to s3://sagemaker-deployment-models-yaxh/data/persona-safety/20260505_124107/results/phase_b/gemma_4_31b_thinking_on/extensions/v_harm_causal/.step4.done
upload: results/phase_b/gemma_4_31b_thinking_on/extensions/v_harm_causal/.step3.done to s3://sagemaker-deployment-models-yaxh/data/persona-safety/20260505_124107/results/phase_b/gemma_4_31b_thinking_on/extensions/v_harm_causal/.step3.done
upload: results/phase_b/gemma_4_31b_thinking_on/extensions/v_harm_causal/.step2_v_harm_clean_pos0p25.work.args.json to s3://sagemaker-deployment-models-yaxh/data/persona-safety/20260505_124107/results/phase_b/gemma_4_31b_thinking_on/extensions/v_harm_causal/.step2_v_harm_clean_pos0p25.work.args.json
upload: results/phase_b/gemma_4_31b_thinking_on/extensions/v_harm_causal/headline.json to s3://sagemaker-deployment-models-yaxh/data/persona-safety/20260505_124107/results/phase_b/gemma_4_31b_thinking_on/extensions/v_harm_causal/headline.json
upload: results/phase_b/gemma_4_31b_thinking_on/extensions/v_harm_causal/.step2_v_harm_clean_pos0p25.work.json to s3://sagemaker-deployment-models-yaxh/data/persona-safety/20260505_124107/results/phase_b/gemma_4_31b_thinking_on/extensions/v_harm_causal/.step2_v_harm_clean_pos0p25.work.json
upload: results/phase_b/gemma_4_31b_thinking_on/extensions/v_harm_causal/.step2_v_harm_clean_pos0p5.work.args.json to s3://sagemaker-deployment-models-yaxh/data/persona-safety/20260505_124107/results/phase_b/gemma_4_31b_thinking_on/extensions/v_harm_causal/.step2_v_harm_clean_pos0p5.work.args.json
upload: results/phase_b/gemma_4_31b_thinking_on/extensions/v_harm_causal/.step3.work.args.json to s3://sagemaker-deployment-models-yaxh/data/persona-safety/20260505_124107/results/phase_b/gemma_4_31b_thinking_on/extensions/v_harm_causal/.step3.work.args.json
upload: results/phase_b/gemma_4_31b_thinking_on/extensions/v_harm_causal/harm_curve.parquet to s3://sagemaker-deployment-models-yaxh/data/persona-safety/20260505_124107/results/phase_b/gemma_4_31b_thinking_on/extensions/v_harm_causal/harm_curve.parquet
upload: results/phase_b/gemma_4_31b_thinking_on/extensions/v_harm_causal/.step2_v_harm_clean_pos0p5.work.json to s3://sagemaker-deployment-models-yaxh/data/persona-safety/20260505_124107/results/phase_b/gemma_4_31b_thinking_on/extensions/v_harm_causal/.step2_v_harm_clean_pos0p5.work.json
upload: results/phase_b/gemma_4_31b_thinking_on/extensions/v_harm_causal/rollouts/v_harm_clean/v_harm_clean_pos0p1.parquet to s3://sagemaker-deployment-models-yaxh/data/persona-safety/20260505_124107/results/phase_b/gemma_4_31b_thinking_on/extensions/v_harm_causal/rollouts/v_harm_clean/v_harm_clean_pos0p1.parquet
upload: results/phase_b/gemma_4_31b_thinking_on/extensions/v_harm_causal/rollouts/_subset.parquet to s3://sagemaker-deployment-models-yaxh/data/persona-safety/20260505_124107/results/phase_b/gemma_4_31b_thinking_on/extensions/v_harm_causal/rollouts/_subset.parquet
upload: results/phase_b/gemma_4_31b_thinking_on/extensions/v_harm_causal/rollouts/v_harm_clean_judged.parquet to s3://sagemaker-deployment-models-yaxh/data/persona-safety/20260505_124107/results/phase_b/gemma_4_31b_thinking_on/extensions/v_harm_causal/rollouts/v_harm_clean_judged.parquet
upload: results/phase_b/gemma_4_31b_thinking_on/extensions/v_harm_causal/rollouts/v_harm_clean/v_harm_clean_pos0p5.parquet to s3://sagemaker-deployment-models-yaxh/data/persona-safety/20260505_124107/results/phase_b/gemma_4_31b_thinking_on/extensions/v_harm_causal/rollouts/v_harm_clean/v_harm_clean_pos0p5.parquet
upload: results/phase_b/gemma_4_31b_thinking_on/extensions/v_harm_causal/rollouts/v_harm_clean/v_harm_clean_pos0p25.parquet to s3://sagemaker-deployment-models-yaxh/data/persona-safety/20260505_124107/results/phase_b/gemma_4_31b_thinking_on/extensions/v_harm_causal/rollouts/v_harm_clean/v_harm_clean_pos0p25.parquet
upload: results/phase_b/gemma_4_31b_thinking_on/extensions/v_harm_causal/rollouts/v_harm_clean_all.parquet to s3://sagemaker-deployment-models-yaxh/data/persona-safety/20260505_124107/results/phase_b/gemma_4_31b_thinking_on/extensions/v_harm_causal/rollouts/v_harm_clean_all.parquet
